Created by PLY version 3.11 (http://www.dabeaz.com/ply)

Unused terminals:

    DEPARTMENT_TOKEN

Grammar

<<<<<<< HEAD
Rule 0     S' -> class
Rule 1     class -> CLASS_TOKEN NEWLINE name NEWLINE number NEWLINE section NEWLINE INSTRUCTER_TOKEN NEWLINE person NEWLINE END NEWLINE ROSTER_TOKEN NEWLINE roster NEWLINE END NEWLINE END
Rule 2     number -> NUMBER_TOKEN NUMBER
Rule 3     section -> SECTION_TOKEN NUMBER
Rule 4     roster -> person
Rule 5     roster -> roster NEWLINE person
Rule 6     person -> PERSON_TOKEN NEWLINE name NEWLINE role NEWLINE year NEWLINE END
Rule 7     person -> PERSON_TOKEN NEWLINE name NEWLINE year NEWLINE role NEWLINE END
Rule 8     person -> PERSON_TOKEN NEWLINE role NEWLINE name NEWLINE year NEWLINE END
Rule 9     person -> PERSON_TOKEN NEWLINE role NEWLINE year NEWLINE name NEWLINE END
Rule 10    person -> PERSON_TOKEN NEWLINE year NEWLINE role NEWLINE name NEWLINE END
Rule 11    person -> PERSON_TOKEN NEWLINE year NEWLINE name NEWLINE role NEWLINE END
Rule 12    role -> ROLE_TOKEN STRING
Rule 13    name -> NAME_TOKEN STRING
Rule 14    year -> YEAR_TOKEN NUMBER

Terminals, with rules where they appear

CLASS_TOKEN          : 1
DEPARTMENT_TOKEN     : 
END                  : 1 1 1 6 7 8 9 10 11
INSTRUCTER_TOKEN     : 1
NAME_TOKEN           : 13
NEWLINE              : 1 1 1 1 1 1 1 1 1 1 5 6 6 6 6 7 7 7 7 8 8 8 8 9 9 9 9 10 10 10 10 11 11 11 11
NUMBER               : 2 3 14
NUMBER_TOKEN         : 2
PERSON_TOKEN         : 6 7 8 9 10 11
ROLE_TOKEN           : 12
ROSTER_TOKEN         : 1
SECTION_TOKEN        : 3
STRING               : 12 13
YEAR_TOKEN           : 14
=======
Rule 0     S' -> statement
Rule 1     statement -> class
Rule 2     statement -> variables
Rule 3     variables -> variable NEWLINE variable
Rule 4     variables -> variable
Rule 5     variable -> VARIABLE COLON person
Rule 6     class -> CLASS_TOKEN NEWLINE name NEWLINE number NEWLINE section NEWLINE INSTRUCTER_TOKEN NEWLINE person NEWLINE END NEWLINE ROSTER_TOKEN NEWLINE roster NEWLINE END NEWLINE END
Rule 7     number -> NUMBER_TOKEN NUMBER
Rule 8     section -> SECTION_TOKEN NUMBER
Rule 9     roster -> person
Rule 10    roster -> roster NEWLINE person
Rule 11    person -> PERSON_TOKEN NEWLINE name NEWLINE role NEWLINE year NEWLINE END
Rule 12    person -> PERSON_TOKEN NEWLINE name NEWLINE year NEWLINE role NEWLINE END
Rule 13    person -> PERSON_TOKEN NEWLINE role NEWLINE name NEWLINE year NEWLINE END
Rule 14    person -> PERSON_TOKEN NEWLINE role NEWLINE year NEWLINE name NEWLINE END
Rule 15    person -> PERSON_TOKEN NEWLINE year NEWLINE role NEWLINE name NEWLINE END
Rule 16    person -> PERSON_TOKEN NEWLINE year NEWLINE name NEWLINE role NEWLINE END
Rule 17    person -> PERSON_TOKEN VARIABLE
Rule 18    person -> PERSON_TOKEN VARIABLE COLON NEWLINE overrides NEWLINE END
Rule 19    override -> year
Rule 20    override -> role
Rule 21    override -> name
Rule 22    overrides -> override
Rule 23    overrides -> overrides NEWLINE override
Rule 24    role -> ROLE_TOKEN STRING
Rule 25    name -> NAME_TOKEN STRING
Rule 26    year -> YEAR_TOKEN NUMBER

Terminals, with rules where they appear

CLASS_TOKEN          : 6
COLON                : 5 18
DEPARTMENT_TOKEN     : 
END                  : 6 6 6 11 12 13 14 15 16 18
INSTRUCTER_TOKEN     : 6
NAME_TOKEN           : 25
NEWLINE              : 3 6 6 6 6 6 6 6 6 6 6 10 11 11 11 11 12 12 12 12 13 13 13 13 14 14 14 14 15 15 15 15 16 16 16 16 18 18 23
NUMBER               : 7 8 26
NUMBER_TOKEN         : 7
PERSON_TOKEN         : 11 12 13 14 15 16 17 18
ROLE_TOKEN           : 24
ROSTER_TOKEN         : 6
SECTION_TOKEN        : 8
STRING               : 24 25
VARIABLE             : 5 17 18
YEAR_TOKEN           : 26
>>>>>>> 591650770d29d52d9b8d36adf74b68b15bad6214
error                : 

Nonterminals, with rules where they appear

<<<<<<< HEAD
class                : 0
name                 : 1 6 7 8 9 10 11
number               : 1
person               : 1 4 5
role                 : 6 7 8 9 10 11
roster               : 1 5
section              : 1
year                 : 6 7 8 9 10 11
=======
class                : 1
name                 : 6 11 12 13 14 15 16 21
number               : 6
override             : 22 23
overrides            : 18 23
person               : 5 6 9 10
role                 : 11 12 13 14 15 16 20
roster               : 6 10
section              : 6
statement            : 0
variable             : 3 3 4
variables            : 2
year                 : 11 12 13 14 15 16 19
>>>>>>> 591650770d29d52d9b8d36adf74b68b15bad6214

Parsing method: LALR

state 0

<<<<<<< HEAD
    (0) S' -> . class
    (1) class -> . CLASS_TOKEN NEWLINE name NEWLINE number NEWLINE section NEWLINE INSTRUCTER_TOKEN NEWLINE person NEWLINE END NEWLINE ROSTER_TOKEN NEWLINE roster NEWLINE END NEWLINE END

    CLASS_TOKEN     shift and go to state 2

    class                          shift and go to state 1
=======
    (0) S' -> . statement
    (1) statement -> . class
    (2) statement -> . variables
    (6) class -> . CLASS_TOKEN NEWLINE name NEWLINE number NEWLINE section NEWLINE INSTRUCTER_TOKEN NEWLINE person NEWLINE END NEWLINE ROSTER_TOKEN NEWLINE roster NEWLINE END NEWLINE END
    (3) variables -> . variable NEWLINE variable
    (4) variables -> . variable
    (5) variable -> . VARIABLE COLON person

    CLASS_TOKEN     shift and go to state 4
    VARIABLE        shift and go to state 6

    statement                      shift and go to state 1
    class                          shift and go to state 2
    variables                      shift and go to state 3
    variable                       shift and go to state 5
>>>>>>> 591650770d29d52d9b8d36adf74b68b15bad6214

state 1

    (0) S' -> class .



state 2

    (1) class -> CLASS_TOKEN . NEWLINE name NEWLINE number NEWLINE section NEWLINE INSTRUCTER_TOKEN NEWLINE person NEWLINE END NEWLINE ROSTER_TOKEN NEWLINE roster NEWLINE END NEWLINE END

    NEWLINE         shift and go to state 3


state 3

<<<<<<< HEAD
    (1) class -> CLASS_TOKEN NEWLINE . name NEWLINE number NEWLINE section NEWLINE INSTRUCTER_TOKEN NEWLINE person NEWLINE END NEWLINE ROSTER_TOKEN NEWLINE roster NEWLINE END NEWLINE END
    (13) name -> . NAME_TOKEN STRING

    NAME_TOKEN      shift and go to state 5
=======
    (2) statement -> variables .

    $end            reduce using rule 2 (statement -> variables .)
>>>>>>> 591650770d29d52d9b8d36adf74b68b15bad6214

    name                           shift and go to state 4

state 4

<<<<<<< HEAD
    (1) class -> CLASS_TOKEN NEWLINE name . NEWLINE number NEWLINE section NEWLINE INSTRUCTER_TOKEN NEWLINE person NEWLINE END NEWLINE ROSTER_TOKEN NEWLINE roster NEWLINE END NEWLINE END

    NEWLINE         shift and go to state 6
=======
    (6) class -> CLASS_TOKEN . NEWLINE name NEWLINE number NEWLINE section NEWLINE INSTRUCTER_TOKEN NEWLINE person NEWLINE END NEWLINE ROSTER_TOKEN NEWLINE roster NEWLINE END NEWLINE END

    NEWLINE         shift and go to state 7
>>>>>>> 591650770d29d52d9b8d36adf74b68b15bad6214


state 5

<<<<<<< HEAD
    (13) name -> NAME_TOKEN . STRING

    STRING          shift and go to state 7
=======
    (3) variables -> variable . NEWLINE variable
    (4) variables -> variable .

    NEWLINE         shift and go to state 8
    $end            reduce using rule 4 (variables -> variable .)
>>>>>>> 591650770d29d52d9b8d36adf74b68b15bad6214


state 6

<<<<<<< HEAD
    (1) class -> CLASS_TOKEN NEWLINE name NEWLINE . number NEWLINE section NEWLINE INSTRUCTER_TOKEN NEWLINE person NEWLINE END NEWLINE ROSTER_TOKEN NEWLINE roster NEWLINE END NEWLINE END
    (2) number -> . NUMBER_TOKEN NUMBER

    NUMBER_TOKEN    shift and go to state 9
=======
    (5) variable -> VARIABLE . COLON person

    COLON           shift and go to state 9
>>>>>>> 591650770d29d52d9b8d36adf74b68b15bad6214

    number                         shift and go to state 8

state 7

<<<<<<< HEAD
    (13) name -> NAME_TOKEN STRING .

    NEWLINE         reduce using rule 13 (name -> NAME_TOKEN STRING .)


state 8

    (1) class -> CLASS_TOKEN NEWLINE name NEWLINE number . NEWLINE section NEWLINE INSTRUCTER_TOKEN NEWLINE person NEWLINE END NEWLINE ROSTER_TOKEN NEWLINE roster NEWLINE END NEWLINE END

    NEWLINE         shift and go to state 10
=======
    (6) class -> CLASS_TOKEN NEWLINE . name NEWLINE number NEWLINE section NEWLINE INSTRUCTER_TOKEN NEWLINE person NEWLINE END NEWLINE ROSTER_TOKEN NEWLINE roster NEWLINE END NEWLINE END
    (25) name -> . NAME_TOKEN STRING

    NAME_TOKEN      shift and go to state 11

    name                           shift and go to state 10

state 8

    (3) variables -> variable NEWLINE . variable
    (5) variable -> . VARIABLE COLON person

    VARIABLE        shift and go to state 6
>>>>>>> 591650770d29d52d9b8d36adf74b68b15bad6214

    variable                       shift and go to state 12

state 9

<<<<<<< HEAD
    (2) number -> NUMBER_TOKEN . NUMBER

    NUMBER          shift and go to state 11
=======
    (5) variable -> VARIABLE COLON . person
    (11) person -> . PERSON_TOKEN NEWLINE name NEWLINE role NEWLINE year NEWLINE END
    (12) person -> . PERSON_TOKEN NEWLINE name NEWLINE year NEWLINE role NEWLINE END
    (13) person -> . PERSON_TOKEN NEWLINE role NEWLINE name NEWLINE year NEWLINE END
    (14) person -> . PERSON_TOKEN NEWLINE role NEWLINE year NEWLINE name NEWLINE END
    (15) person -> . PERSON_TOKEN NEWLINE year NEWLINE role NEWLINE name NEWLINE END
    (16) person -> . PERSON_TOKEN NEWLINE year NEWLINE name NEWLINE role NEWLINE END
    (17) person -> . PERSON_TOKEN VARIABLE
    (18) person -> . PERSON_TOKEN VARIABLE COLON NEWLINE overrides NEWLINE END

    PERSON_TOKEN    shift and go to state 14
>>>>>>> 591650770d29d52d9b8d36adf74b68b15bad6214

    person                         shift and go to state 13

state 10

<<<<<<< HEAD
    (1) class -> CLASS_TOKEN NEWLINE name NEWLINE number NEWLINE . section NEWLINE INSTRUCTER_TOKEN NEWLINE person NEWLINE END NEWLINE ROSTER_TOKEN NEWLINE roster NEWLINE END NEWLINE END
    (3) section -> . SECTION_TOKEN NUMBER

    SECTION_TOKEN   shift and go to state 13
=======
    (6) class -> CLASS_TOKEN NEWLINE name . NEWLINE number NEWLINE section NEWLINE INSTRUCTER_TOKEN NEWLINE person NEWLINE END NEWLINE ROSTER_TOKEN NEWLINE roster NEWLINE END NEWLINE END

    NEWLINE         shift and go to state 15
>>>>>>> 591650770d29d52d9b8d36adf74b68b15bad6214

    section                        shift and go to state 12

state 11

<<<<<<< HEAD
    (2) number -> NUMBER_TOKEN NUMBER .

    NEWLINE         reduce using rule 2 (number -> NUMBER_TOKEN NUMBER .)
=======
    (25) name -> NAME_TOKEN . STRING

    STRING          shift and go to state 16
>>>>>>> 591650770d29d52d9b8d36adf74b68b15bad6214


state 12

<<<<<<< HEAD
    (1) class -> CLASS_TOKEN NEWLINE name NEWLINE number NEWLINE section . NEWLINE INSTRUCTER_TOKEN NEWLINE person NEWLINE END NEWLINE ROSTER_TOKEN NEWLINE roster NEWLINE END NEWLINE END

    NEWLINE         shift and go to state 14
=======
    (3) variables -> variable NEWLINE variable .

    $end            reduce using rule 3 (variables -> variable NEWLINE variable .)
>>>>>>> 591650770d29d52d9b8d36adf74b68b15bad6214


state 13

<<<<<<< HEAD
    (3) section -> SECTION_TOKEN . NUMBER

    NUMBER          shift and go to state 15
=======
    (5) variable -> VARIABLE COLON person .

    NEWLINE         reduce using rule 5 (variable -> VARIABLE COLON person .)
    $end            reduce using rule 5 (variable -> VARIABLE COLON person .)
>>>>>>> 591650770d29d52d9b8d36adf74b68b15bad6214


state 14

<<<<<<< HEAD
    (1) class -> CLASS_TOKEN NEWLINE name NEWLINE number NEWLINE section NEWLINE . INSTRUCTER_TOKEN NEWLINE person NEWLINE END NEWLINE ROSTER_TOKEN NEWLINE roster NEWLINE END NEWLINE END

    INSTRUCTER_TOKEN shift and go to state 16
=======
    (11) person -> PERSON_TOKEN . NEWLINE name NEWLINE role NEWLINE year NEWLINE END
    (12) person -> PERSON_TOKEN . NEWLINE name NEWLINE year NEWLINE role NEWLINE END
    (13) person -> PERSON_TOKEN . NEWLINE role NEWLINE name NEWLINE year NEWLINE END
    (14) person -> PERSON_TOKEN . NEWLINE role NEWLINE year NEWLINE name NEWLINE END
    (15) person -> PERSON_TOKEN . NEWLINE year NEWLINE role NEWLINE name NEWLINE END
    (16) person -> PERSON_TOKEN . NEWLINE year NEWLINE name NEWLINE role NEWLINE END
    (17) person -> PERSON_TOKEN . VARIABLE
    (18) person -> PERSON_TOKEN . VARIABLE COLON NEWLINE overrides NEWLINE END

    NEWLINE         shift and go to state 17
    VARIABLE        shift and go to state 18
>>>>>>> 591650770d29d52d9b8d36adf74b68b15bad6214


state 15

<<<<<<< HEAD
    (3) section -> SECTION_TOKEN NUMBER .

    NEWLINE         reduce using rule 3 (section -> SECTION_TOKEN NUMBER .)
=======
    (6) class -> CLASS_TOKEN NEWLINE name NEWLINE . number NEWLINE section NEWLINE INSTRUCTER_TOKEN NEWLINE person NEWLINE END NEWLINE ROSTER_TOKEN NEWLINE roster NEWLINE END NEWLINE END
    (7) number -> . NUMBER_TOKEN NUMBER

    NUMBER_TOKEN    shift and go to state 20
>>>>>>> 591650770d29d52d9b8d36adf74b68b15bad6214

    number                         shift and go to state 19

state 16

<<<<<<< HEAD
    (1) class -> CLASS_TOKEN NEWLINE name NEWLINE number NEWLINE section NEWLINE INSTRUCTER_TOKEN . NEWLINE person NEWLINE END NEWLINE ROSTER_TOKEN NEWLINE roster NEWLINE END NEWLINE END

    NEWLINE         shift and go to state 17
=======
    (25) name -> NAME_TOKEN STRING .

    NEWLINE         reduce using rule 25 (name -> NAME_TOKEN STRING .)
>>>>>>> 591650770d29d52d9b8d36adf74b68b15bad6214


state 17

<<<<<<< HEAD
    (1) class -> CLASS_TOKEN NEWLINE name NEWLINE number NEWLINE section NEWLINE INSTRUCTER_TOKEN NEWLINE . person NEWLINE END NEWLINE ROSTER_TOKEN NEWLINE roster NEWLINE END NEWLINE END
    (6) person -> . PERSON_TOKEN NEWLINE name NEWLINE role NEWLINE year NEWLINE END
    (7) person -> . PERSON_TOKEN NEWLINE name NEWLINE year NEWLINE role NEWLINE END
    (8) person -> . PERSON_TOKEN NEWLINE role NEWLINE name NEWLINE year NEWLINE END
    (9) person -> . PERSON_TOKEN NEWLINE role NEWLINE year NEWLINE name NEWLINE END
    (10) person -> . PERSON_TOKEN NEWLINE year NEWLINE role NEWLINE name NEWLINE END
    (11) person -> . PERSON_TOKEN NEWLINE year NEWLINE name NEWLINE role NEWLINE END

    PERSON_TOKEN    shift and go to state 19

    person                         shift and go to state 18

state 18

    (1) class -> CLASS_TOKEN NEWLINE name NEWLINE number NEWLINE section NEWLINE INSTRUCTER_TOKEN NEWLINE person . NEWLINE END NEWLINE ROSTER_TOKEN NEWLINE roster NEWLINE END NEWLINE END

    NEWLINE         shift and go to state 20
=======
    (11) person -> PERSON_TOKEN NEWLINE . name NEWLINE role NEWLINE year NEWLINE END
    (12) person -> PERSON_TOKEN NEWLINE . name NEWLINE year NEWLINE role NEWLINE END
    (13) person -> PERSON_TOKEN NEWLINE . role NEWLINE name NEWLINE year NEWLINE END
    (14) person -> PERSON_TOKEN NEWLINE . role NEWLINE year NEWLINE name NEWLINE END
    (15) person -> PERSON_TOKEN NEWLINE . year NEWLINE role NEWLINE name NEWLINE END
    (16) person -> PERSON_TOKEN NEWLINE . year NEWLINE name NEWLINE role NEWLINE END
    (25) name -> . NAME_TOKEN STRING
    (24) role -> . ROLE_TOKEN STRING
    (26) year -> . YEAR_TOKEN NUMBER

    NAME_TOKEN      shift and go to state 11
    ROLE_TOKEN      shift and go to state 24
    YEAR_TOKEN      shift and go to state 25

    name                           shift and go to state 21
    role                           shift and go to state 22
    year                           shift and go to state 23

state 18

    (17) person -> PERSON_TOKEN VARIABLE .
    (18) person -> PERSON_TOKEN VARIABLE . COLON NEWLINE overrides NEWLINE END

    NEWLINE         reduce using rule 17 (person -> PERSON_TOKEN VARIABLE .)
    $end            reduce using rule 17 (person -> PERSON_TOKEN VARIABLE .)
    COLON           shift and go to state 26
>>>>>>> 591650770d29d52d9b8d36adf74b68b15bad6214


state 19

<<<<<<< HEAD
    (6) person -> PERSON_TOKEN . NEWLINE name NEWLINE role NEWLINE year NEWLINE END
    (7) person -> PERSON_TOKEN . NEWLINE name NEWLINE year NEWLINE role NEWLINE END
    (8) person -> PERSON_TOKEN . NEWLINE role NEWLINE name NEWLINE year NEWLINE END
    (9) person -> PERSON_TOKEN . NEWLINE role NEWLINE year NEWLINE name NEWLINE END
    (10) person -> PERSON_TOKEN . NEWLINE year NEWLINE role NEWLINE name NEWLINE END
    (11) person -> PERSON_TOKEN . NEWLINE year NEWLINE name NEWLINE role NEWLINE END
=======
    (6) class -> CLASS_TOKEN NEWLINE name NEWLINE number . NEWLINE section NEWLINE INSTRUCTER_TOKEN NEWLINE person NEWLINE END NEWLINE ROSTER_TOKEN NEWLINE roster NEWLINE END NEWLINE END
>>>>>>> 591650770d29d52d9b8d36adf74b68b15bad6214

    NEWLINE         shift and go to state 27


state 20

<<<<<<< HEAD
    (1) class -> CLASS_TOKEN NEWLINE name NEWLINE number NEWLINE section NEWLINE INSTRUCTER_TOKEN NEWLINE person NEWLINE . END NEWLINE ROSTER_TOKEN NEWLINE roster NEWLINE END NEWLINE END

    END             shift and go to state 22
=======
    (7) number -> NUMBER_TOKEN . NUMBER

    NUMBER          shift and go to state 28
>>>>>>> 591650770d29d52d9b8d36adf74b68b15bad6214


state 21

<<<<<<< HEAD
    (6) person -> PERSON_TOKEN NEWLINE . name NEWLINE role NEWLINE year NEWLINE END
    (7) person -> PERSON_TOKEN NEWLINE . name NEWLINE year NEWLINE role NEWLINE END
    (8) person -> PERSON_TOKEN NEWLINE . role NEWLINE name NEWLINE year NEWLINE END
    (9) person -> PERSON_TOKEN NEWLINE . role NEWLINE year NEWLINE name NEWLINE END
    (10) person -> PERSON_TOKEN NEWLINE . year NEWLINE role NEWLINE name NEWLINE END
    (11) person -> PERSON_TOKEN NEWLINE . year NEWLINE name NEWLINE role NEWLINE END
    (13) name -> . NAME_TOKEN STRING
    (12) role -> . ROLE_TOKEN STRING
    (14) year -> . YEAR_TOKEN NUMBER

    NAME_TOKEN      shift and go to state 5
    ROLE_TOKEN      shift and go to state 26
    YEAR_TOKEN      shift and go to state 27
=======
    (11) person -> PERSON_TOKEN NEWLINE name . NEWLINE role NEWLINE year NEWLINE END
    (12) person -> PERSON_TOKEN NEWLINE name . NEWLINE year NEWLINE role NEWLINE END

    NEWLINE         shift and go to state 29
>>>>>>> 591650770d29d52d9b8d36adf74b68b15bad6214

    name                           shift and go to state 23
    role                           shift and go to state 24
    year                           shift and go to state 25

state 22

<<<<<<< HEAD
    (1) class -> CLASS_TOKEN NEWLINE name NEWLINE number NEWLINE section NEWLINE INSTRUCTER_TOKEN NEWLINE person NEWLINE END . NEWLINE ROSTER_TOKEN NEWLINE roster NEWLINE END NEWLINE END

    NEWLINE         shift and go to state 28
=======
    (13) person -> PERSON_TOKEN NEWLINE role . NEWLINE name NEWLINE year NEWLINE END
    (14) person -> PERSON_TOKEN NEWLINE role . NEWLINE year NEWLINE name NEWLINE END

    NEWLINE         shift and go to state 30
>>>>>>> 591650770d29d52d9b8d36adf74b68b15bad6214


state 23

<<<<<<< HEAD
    (6) person -> PERSON_TOKEN NEWLINE name . NEWLINE role NEWLINE year NEWLINE END
    (7) person -> PERSON_TOKEN NEWLINE name . NEWLINE year NEWLINE role NEWLINE END
=======
    (15) person -> PERSON_TOKEN NEWLINE year . NEWLINE role NEWLINE name NEWLINE END
    (16) person -> PERSON_TOKEN NEWLINE year . NEWLINE name NEWLINE role NEWLINE END
>>>>>>> 591650770d29d52d9b8d36adf74b68b15bad6214

    NEWLINE         shift and go to state 31


state 24

<<<<<<< HEAD
    (8) person -> PERSON_TOKEN NEWLINE role . NEWLINE name NEWLINE year NEWLINE END
    (9) person -> PERSON_TOKEN NEWLINE role . NEWLINE year NEWLINE name NEWLINE END
=======
    (24) role -> ROLE_TOKEN . STRING
>>>>>>> 591650770d29d52d9b8d36adf74b68b15bad6214

    STRING          shift and go to state 32


state 25

<<<<<<< HEAD
    (10) person -> PERSON_TOKEN NEWLINE year . NEWLINE role NEWLINE name NEWLINE END
    (11) person -> PERSON_TOKEN NEWLINE year . NEWLINE name NEWLINE role NEWLINE END
=======
    (26) year -> YEAR_TOKEN . NUMBER
>>>>>>> 591650770d29d52d9b8d36adf74b68b15bad6214

    NUMBER          shift and go to state 33


state 26

<<<<<<< HEAD
    (12) role -> ROLE_TOKEN . STRING

    STRING          shift and go to state 32
=======
    (18) person -> PERSON_TOKEN VARIABLE COLON . NEWLINE overrides NEWLINE END

    NEWLINE         shift and go to state 34
>>>>>>> 591650770d29d52d9b8d36adf74b68b15bad6214


state 27

<<<<<<< HEAD
    (14) year -> YEAR_TOKEN . NUMBER

    NUMBER          shift and go to state 33
=======
    (6) class -> CLASS_TOKEN NEWLINE name NEWLINE number NEWLINE . section NEWLINE INSTRUCTER_TOKEN NEWLINE person NEWLINE END NEWLINE ROSTER_TOKEN NEWLINE roster NEWLINE END NEWLINE END
    (8) section -> . SECTION_TOKEN NUMBER

    SECTION_TOKEN   shift and go to state 36
>>>>>>> 591650770d29d52d9b8d36adf74b68b15bad6214

    section                        shift and go to state 35

state 28

<<<<<<< HEAD
    (1) class -> CLASS_TOKEN NEWLINE name NEWLINE number NEWLINE section NEWLINE INSTRUCTER_TOKEN NEWLINE person NEWLINE END NEWLINE . ROSTER_TOKEN NEWLINE roster NEWLINE END NEWLINE END

    ROSTER_TOKEN    shift and go to state 34
=======
    (7) number -> NUMBER_TOKEN NUMBER .

    NEWLINE         reduce using rule 7 (number -> NUMBER_TOKEN NUMBER .)
>>>>>>> 591650770d29d52d9b8d36adf74b68b15bad6214


state 29

<<<<<<< HEAD
    (6) person -> PERSON_TOKEN NEWLINE name NEWLINE . role NEWLINE year NEWLINE END
    (7) person -> PERSON_TOKEN NEWLINE name NEWLINE . year NEWLINE role NEWLINE END
    (12) role -> . ROLE_TOKEN STRING
    (14) year -> . YEAR_TOKEN NUMBER

    ROLE_TOKEN      shift and go to state 26
    YEAR_TOKEN      shift and go to state 27

    role                           shift and go to state 35
    year                           shift and go to state 36

state 30

    (8) person -> PERSON_TOKEN NEWLINE role NEWLINE . name NEWLINE year NEWLINE END
    (9) person -> PERSON_TOKEN NEWLINE role NEWLINE . year NEWLINE name NEWLINE END
    (13) name -> . NAME_TOKEN STRING
    (14) year -> . YEAR_TOKEN NUMBER

    NAME_TOKEN      shift and go to state 5
    YEAR_TOKEN      shift and go to state 27

    name                           shift and go to state 37
    year                           shift and go to state 38

state 31

    (10) person -> PERSON_TOKEN NEWLINE year NEWLINE . role NEWLINE name NEWLINE END
    (11) person -> PERSON_TOKEN NEWLINE year NEWLINE . name NEWLINE role NEWLINE END
    (12) role -> . ROLE_TOKEN STRING
    (13) name -> . NAME_TOKEN STRING

    ROLE_TOKEN      shift and go to state 26
    NAME_TOKEN      shift and go to state 5

    role                           shift and go to state 39
    name                           shift and go to state 40

state 32

    (12) role -> ROLE_TOKEN STRING .

    NEWLINE         reduce using rule 12 (role -> ROLE_TOKEN STRING .)
=======
    (11) person -> PERSON_TOKEN NEWLINE name NEWLINE . role NEWLINE year NEWLINE END
    (12) person -> PERSON_TOKEN NEWLINE name NEWLINE . year NEWLINE role NEWLINE END
    (24) role -> . ROLE_TOKEN STRING
    (26) year -> . YEAR_TOKEN NUMBER

    ROLE_TOKEN      shift and go to state 24
    YEAR_TOKEN      shift and go to state 25

    role                           shift and go to state 37
    year                           shift and go to state 38

state 30

    (13) person -> PERSON_TOKEN NEWLINE role NEWLINE . name NEWLINE year NEWLINE END
    (14) person -> PERSON_TOKEN NEWLINE role NEWLINE . year NEWLINE name NEWLINE END
    (25) name -> . NAME_TOKEN STRING
    (26) year -> . YEAR_TOKEN NUMBER

    NAME_TOKEN      shift and go to state 11
    YEAR_TOKEN      shift and go to state 25

    name                           shift and go to state 39
    year                           shift and go to state 40

state 31

    (15) person -> PERSON_TOKEN NEWLINE year NEWLINE . role NEWLINE name NEWLINE END
    (16) person -> PERSON_TOKEN NEWLINE year NEWLINE . name NEWLINE role NEWLINE END
    (24) role -> . ROLE_TOKEN STRING
    (25) name -> . NAME_TOKEN STRING

    ROLE_TOKEN      shift and go to state 24
    NAME_TOKEN      shift and go to state 11

    role                           shift and go to state 41
    name                           shift and go to state 42

state 32

    (24) role -> ROLE_TOKEN STRING .

    NEWLINE         reduce using rule 24 (role -> ROLE_TOKEN STRING .)
>>>>>>> 591650770d29d52d9b8d36adf74b68b15bad6214


state 33

<<<<<<< HEAD
    (14) year -> YEAR_TOKEN NUMBER .

    NEWLINE         reduce using rule 14 (year -> YEAR_TOKEN NUMBER .)
=======
    (26) year -> YEAR_TOKEN NUMBER .

    NEWLINE         reduce using rule 26 (year -> YEAR_TOKEN NUMBER .)
>>>>>>> 591650770d29d52d9b8d36adf74b68b15bad6214


state 34

<<<<<<< HEAD
    (1) class -> CLASS_TOKEN NEWLINE name NEWLINE number NEWLINE section NEWLINE INSTRUCTER_TOKEN NEWLINE person NEWLINE END NEWLINE ROSTER_TOKEN . NEWLINE roster NEWLINE END NEWLINE END

    NEWLINE         shift and go to state 41


state 35

    (6) person -> PERSON_TOKEN NEWLINE name NEWLINE role . NEWLINE year NEWLINE END
=======
    (18) person -> PERSON_TOKEN VARIABLE COLON NEWLINE . overrides NEWLINE END
    (22) overrides -> . override
    (23) overrides -> . overrides NEWLINE override
    (19) override -> . year
    (20) override -> . role
    (21) override -> . name
    (26) year -> . YEAR_TOKEN NUMBER
    (24) role -> . ROLE_TOKEN STRING
    (25) name -> . NAME_TOKEN STRING

    YEAR_TOKEN      shift and go to state 25
    ROLE_TOKEN      shift and go to state 24
    NAME_TOKEN      shift and go to state 11

    overrides                      shift and go to state 43
    override                       shift and go to state 44
    year                           shift and go to state 45
    role                           shift and go to state 46
    name                           shift and go to state 47

state 35

    (6) class -> CLASS_TOKEN NEWLINE name NEWLINE number NEWLINE section . NEWLINE INSTRUCTER_TOKEN NEWLINE person NEWLINE END NEWLINE ROSTER_TOKEN NEWLINE roster NEWLINE END NEWLINE END
>>>>>>> 591650770d29d52d9b8d36adf74b68b15bad6214

    NEWLINE         shift and go to state 48


state 36

<<<<<<< HEAD
    (7) person -> PERSON_TOKEN NEWLINE name NEWLINE year . NEWLINE role NEWLINE END
=======
    (8) section -> SECTION_TOKEN . NUMBER
>>>>>>> 591650770d29d52d9b8d36adf74b68b15bad6214

    NUMBER          shift and go to state 49


state 37

<<<<<<< HEAD
    (8) person -> PERSON_TOKEN NEWLINE role NEWLINE name . NEWLINE year NEWLINE END
=======
    (11) person -> PERSON_TOKEN NEWLINE name NEWLINE role . NEWLINE year NEWLINE END
>>>>>>> 591650770d29d52d9b8d36adf74b68b15bad6214

    NEWLINE         shift and go to state 50


state 38

<<<<<<< HEAD
    (9) person -> PERSON_TOKEN NEWLINE role NEWLINE year . NEWLINE name NEWLINE END
=======
    (12) person -> PERSON_TOKEN NEWLINE name NEWLINE year . NEWLINE role NEWLINE END
>>>>>>> 591650770d29d52d9b8d36adf74b68b15bad6214

    NEWLINE         shift and go to state 51


state 39

<<<<<<< HEAD
    (10) person -> PERSON_TOKEN NEWLINE year NEWLINE role . NEWLINE name NEWLINE END
=======
    (13) person -> PERSON_TOKEN NEWLINE role NEWLINE name . NEWLINE year NEWLINE END
>>>>>>> 591650770d29d52d9b8d36adf74b68b15bad6214

    NEWLINE         shift and go to state 52


state 40

<<<<<<< HEAD
    (11) person -> PERSON_TOKEN NEWLINE year NEWLINE name . NEWLINE role NEWLINE END
=======
    (14) person -> PERSON_TOKEN NEWLINE role NEWLINE year . NEWLINE name NEWLINE END
>>>>>>> 591650770d29d52d9b8d36adf74b68b15bad6214

    NEWLINE         shift and go to state 53


state 41

<<<<<<< HEAD
    (1) class -> CLASS_TOKEN NEWLINE name NEWLINE number NEWLINE section NEWLINE INSTRUCTER_TOKEN NEWLINE person NEWLINE END NEWLINE ROSTER_TOKEN NEWLINE . roster NEWLINE END NEWLINE END
    (4) roster -> . person
    (5) roster -> . roster NEWLINE person
    (6) person -> . PERSON_TOKEN NEWLINE name NEWLINE role NEWLINE year NEWLINE END
    (7) person -> . PERSON_TOKEN NEWLINE name NEWLINE year NEWLINE role NEWLINE END
    (8) person -> . PERSON_TOKEN NEWLINE role NEWLINE name NEWLINE year NEWLINE END
    (9) person -> . PERSON_TOKEN NEWLINE role NEWLINE year NEWLINE name NEWLINE END
    (10) person -> . PERSON_TOKEN NEWLINE year NEWLINE role NEWLINE name NEWLINE END
    (11) person -> . PERSON_TOKEN NEWLINE year NEWLINE name NEWLINE role NEWLINE END

    PERSON_TOKEN    shift and go to state 19
=======
    (15) person -> PERSON_TOKEN NEWLINE year NEWLINE role . NEWLINE name NEWLINE END

    NEWLINE         shift and go to state 54
>>>>>>> 591650770d29d52d9b8d36adf74b68b15bad6214

    person                         shift and go to state 48
    roster                         shift and go to state 49

state 42

<<<<<<< HEAD
    (6) person -> PERSON_TOKEN NEWLINE name NEWLINE role NEWLINE . year NEWLINE END
    (14) year -> . YEAR_TOKEN NUMBER

    YEAR_TOKEN      shift and go to state 27

    year                           shift and go to state 50

state 43

    (7) person -> PERSON_TOKEN NEWLINE name NEWLINE year NEWLINE . role NEWLINE END
    (12) role -> . ROLE_TOKEN STRING

    ROLE_TOKEN      shift and go to state 26

    role                           shift and go to state 51

state 44

    (8) person -> PERSON_TOKEN NEWLINE role NEWLINE name NEWLINE . year NEWLINE END
    (14) year -> . YEAR_TOKEN NUMBER

    YEAR_TOKEN      shift and go to state 27

    year                           shift and go to state 52

state 45

    (9) person -> PERSON_TOKEN NEWLINE role NEWLINE year NEWLINE . name NEWLINE END
    (13) name -> . NAME_TOKEN STRING

    NAME_TOKEN      shift and go to state 5

    name                           shift and go to state 53

state 46

    (10) person -> PERSON_TOKEN NEWLINE year NEWLINE role NEWLINE . name NEWLINE END
    (13) name -> . NAME_TOKEN STRING

    NAME_TOKEN      shift and go to state 5
=======
    (16) person -> PERSON_TOKEN NEWLINE year NEWLINE name . NEWLINE role NEWLINE END

    NEWLINE         shift and go to state 55


state 43

    (18) person -> PERSON_TOKEN VARIABLE COLON NEWLINE overrides . NEWLINE END
    (23) overrides -> overrides . NEWLINE override

    NEWLINE         shift and go to state 56


state 44

    (22) overrides -> override .

    NEWLINE         reduce using rule 22 (overrides -> override .)


state 45

    (19) override -> year .

    NEWLINE         reduce using rule 19 (override -> year .)


state 46

    (20) override -> role .

    NEWLINE         reduce using rule 20 (override -> role .)
>>>>>>> 591650770d29d52d9b8d36adf74b68b15bad6214


state 47

<<<<<<< HEAD
    (11) person -> PERSON_TOKEN NEWLINE year NEWLINE name NEWLINE . role NEWLINE END
    (12) role -> . ROLE_TOKEN STRING

    ROLE_TOKEN      shift and go to state 26

    role                           shift and go to state 55

state 48

    (4) roster -> person .

    NEWLINE         reduce using rule 4 (roster -> person .)
=======
    (21) override -> name .

    NEWLINE         reduce using rule 21 (override -> name .)


state 48

    (6) class -> CLASS_TOKEN NEWLINE name NEWLINE number NEWLINE section NEWLINE . INSTRUCTER_TOKEN NEWLINE person NEWLINE END NEWLINE ROSTER_TOKEN NEWLINE roster NEWLINE END NEWLINE END

    INSTRUCTER_TOKEN shift and go to state 57
>>>>>>> 591650770d29d52d9b8d36adf74b68b15bad6214


state 49

<<<<<<< HEAD
    (1) class -> CLASS_TOKEN NEWLINE name NEWLINE number NEWLINE section NEWLINE INSTRUCTER_TOKEN NEWLINE person NEWLINE END NEWLINE ROSTER_TOKEN NEWLINE roster . NEWLINE END NEWLINE END
    (5) roster -> roster . NEWLINE person

    NEWLINE         shift and go to state 56
=======
    (8) section -> SECTION_TOKEN NUMBER .

    NEWLINE         reduce using rule 8 (section -> SECTION_TOKEN NUMBER .)
>>>>>>> 591650770d29d52d9b8d36adf74b68b15bad6214


state 50

<<<<<<< HEAD
    (6) person -> PERSON_TOKEN NEWLINE name NEWLINE role NEWLINE year . NEWLINE END
=======
    (11) person -> PERSON_TOKEN NEWLINE name NEWLINE role NEWLINE . year NEWLINE END
    (26) year -> . YEAR_TOKEN NUMBER
>>>>>>> 591650770d29d52d9b8d36adf74b68b15bad6214

    YEAR_TOKEN      shift and go to state 25

    year                           shift and go to state 58

state 51

<<<<<<< HEAD
    (7) person -> PERSON_TOKEN NEWLINE name NEWLINE year NEWLINE role . NEWLINE END
=======
    (12) person -> PERSON_TOKEN NEWLINE name NEWLINE year NEWLINE . role NEWLINE END
    (24) role -> . ROLE_TOKEN STRING
>>>>>>> 591650770d29d52d9b8d36adf74b68b15bad6214

    ROLE_TOKEN      shift and go to state 24

    role                           shift and go to state 59

state 52

<<<<<<< HEAD
    (8) person -> PERSON_TOKEN NEWLINE role NEWLINE name NEWLINE year . NEWLINE END
=======
    (13) person -> PERSON_TOKEN NEWLINE role NEWLINE name NEWLINE . year NEWLINE END
    (26) year -> . YEAR_TOKEN NUMBER
>>>>>>> 591650770d29d52d9b8d36adf74b68b15bad6214

    YEAR_TOKEN      shift and go to state 25

    year                           shift and go to state 60

state 53

<<<<<<< HEAD
    (9) person -> PERSON_TOKEN NEWLINE role NEWLINE year NEWLINE name . NEWLINE END
=======
    (14) person -> PERSON_TOKEN NEWLINE role NEWLINE year NEWLINE . name NEWLINE END
    (25) name -> . NAME_TOKEN STRING
>>>>>>> 591650770d29d52d9b8d36adf74b68b15bad6214

    NAME_TOKEN      shift and go to state 11

    name                           shift and go to state 61

state 54

<<<<<<< HEAD
    (10) person -> PERSON_TOKEN NEWLINE year NEWLINE role NEWLINE name . NEWLINE END
=======
    (15) person -> PERSON_TOKEN NEWLINE year NEWLINE role NEWLINE . name NEWLINE END
    (25) name -> . NAME_TOKEN STRING
>>>>>>> 591650770d29d52d9b8d36adf74b68b15bad6214

    NAME_TOKEN      shift and go to state 11

    name                           shift and go to state 62

state 55

<<<<<<< HEAD
    (11) person -> PERSON_TOKEN NEWLINE year NEWLINE name NEWLINE role . NEWLINE END
=======
    (16) person -> PERSON_TOKEN NEWLINE year NEWLINE name NEWLINE . role NEWLINE END
    (24) role -> . ROLE_TOKEN STRING
>>>>>>> 591650770d29d52d9b8d36adf74b68b15bad6214

    ROLE_TOKEN      shift and go to state 24

    role                           shift and go to state 63

state 56

<<<<<<< HEAD
    (1) class -> CLASS_TOKEN NEWLINE name NEWLINE number NEWLINE section NEWLINE INSTRUCTER_TOKEN NEWLINE person NEWLINE END NEWLINE ROSTER_TOKEN NEWLINE roster NEWLINE . END NEWLINE END
    (5) roster -> roster NEWLINE . person
    (6) person -> . PERSON_TOKEN NEWLINE name NEWLINE role NEWLINE year NEWLINE END
    (7) person -> . PERSON_TOKEN NEWLINE name NEWLINE year NEWLINE role NEWLINE END
    (8) person -> . PERSON_TOKEN NEWLINE role NEWLINE name NEWLINE year NEWLINE END
    (9) person -> . PERSON_TOKEN NEWLINE role NEWLINE year NEWLINE name NEWLINE END
    (10) person -> . PERSON_TOKEN NEWLINE year NEWLINE role NEWLINE name NEWLINE END
    (11) person -> . PERSON_TOKEN NEWLINE year NEWLINE name NEWLINE role NEWLINE END

    END             shift and go to state 64
    PERSON_TOKEN    shift and go to state 19

    person                         shift and go to state 63

state 57

    (6) person -> PERSON_TOKEN NEWLINE name NEWLINE role NEWLINE year NEWLINE . END

    END             shift and go to state 65
=======
    (18) person -> PERSON_TOKEN VARIABLE COLON NEWLINE overrides NEWLINE . END
    (23) overrides -> overrides NEWLINE . override
    (19) override -> . year
    (20) override -> . role
    (21) override -> . name
    (26) year -> . YEAR_TOKEN NUMBER
    (24) role -> . ROLE_TOKEN STRING
    (25) name -> . NAME_TOKEN STRING

    END             shift and go to state 64
    YEAR_TOKEN      shift and go to state 25
    ROLE_TOKEN      shift and go to state 24
    NAME_TOKEN      shift and go to state 11

    override                       shift and go to state 65
    year                           shift and go to state 45
    role                           shift and go to state 46
    name                           shift and go to state 47

state 57

    (6) class -> CLASS_TOKEN NEWLINE name NEWLINE number NEWLINE section NEWLINE INSTRUCTER_TOKEN . NEWLINE person NEWLINE END NEWLINE ROSTER_TOKEN NEWLINE roster NEWLINE END NEWLINE END

    NEWLINE         shift and go to state 66
>>>>>>> 591650770d29d52d9b8d36adf74b68b15bad6214


state 58

<<<<<<< HEAD
    (7) person -> PERSON_TOKEN NEWLINE name NEWLINE year NEWLINE role NEWLINE . END
=======
    (11) person -> PERSON_TOKEN NEWLINE name NEWLINE role NEWLINE year . NEWLINE END
>>>>>>> 591650770d29d52d9b8d36adf74b68b15bad6214

    NEWLINE         shift and go to state 67


state 59

<<<<<<< HEAD
    (8) person -> PERSON_TOKEN NEWLINE role NEWLINE name NEWLINE year NEWLINE . END
=======
    (12) person -> PERSON_TOKEN NEWLINE name NEWLINE year NEWLINE role . NEWLINE END
>>>>>>> 591650770d29d52d9b8d36adf74b68b15bad6214

    NEWLINE         shift and go to state 68


state 60

<<<<<<< HEAD
    (9) person -> PERSON_TOKEN NEWLINE role NEWLINE year NEWLINE name NEWLINE . END
=======
    (13) person -> PERSON_TOKEN NEWLINE role NEWLINE name NEWLINE year . NEWLINE END
>>>>>>> 591650770d29d52d9b8d36adf74b68b15bad6214

    NEWLINE         shift and go to state 69


state 61

<<<<<<< HEAD
    (10) person -> PERSON_TOKEN NEWLINE year NEWLINE role NEWLINE name NEWLINE . END
=======
    (14) person -> PERSON_TOKEN NEWLINE role NEWLINE year NEWLINE name . NEWLINE END
>>>>>>> 591650770d29d52d9b8d36adf74b68b15bad6214

    NEWLINE         shift and go to state 70


state 62

<<<<<<< HEAD
    (11) person -> PERSON_TOKEN NEWLINE year NEWLINE name NEWLINE role NEWLINE . END
=======
    (15) person -> PERSON_TOKEN NEWLINE year NEWLINE role NEWLINE name . NEWLINE END
>>>>>>> 591650770d29d52d9b8d36adf74b68b15bad6214

    NEWLINE         shift and go to state 71


state 63

<<<<<<< HEAD
    (5) roster -> roster NEWLINE person .

    NEWLINE         reduce using rule 5 (roster -> roster NEWLINE person .)
=======
    (16) person -> PERSON_TOKEN NEWLINE year NEWLINE name NEWLINE role . NEWLINE END

    NEWLINE         shift and go to state 72
>>>>>>> 591650770d29d52d9b8d36adf74b68b15bad6214


state 64

<<<<<<< HEAD
    (1) class -> CLASS_TOKEN NEWLINE name NEWLINE number NEWLINE section NEWLINE INSTRUCTER_TOKEN NEWLINE person NEWLINE END NEWLINE ROSTER_TOKEN NEWLINE roster NEWLINE END . NEWLINE END

    NEWLINE         shift and go to state 71
=======
    (18) person -> PERSON_TOKEN VARIABLE COLON NEWLINE overrides NEWLINE END .

    NEWLINE         reduce using rule 18 (person -> PERSON_TOKEN VARIABLE COLON NEWLINE overrides NEWLINE END .)
    $end            reduce using rule 18 (person -> PERSON_TOKEN VARIABLE COLON NEWLINE overrides NEWLINE END .)
>>>>>>> 591650770d29d52d9b8d36adf74b68b15bad6214


state 65

<<<<<<< HEAD
    (6) person -> PERSON_TOKEN NEWLINE name NEWLINE role NEWLINE year NEWLINE END .

    NEWLINE         reduce using rule 6 (person -> PERSON_TOKEN NEWLINE name NEWLINE role NEWLINE year NEWLINE END .)
=======
    (23) overrides -> overrides NEWLINE override .

    NEWLINE         reduce using rule 23 (overrides -> overrides NEWLINE override .)
>>>>>>> 591650770d29d52d9b8d36adf74b68b15bad6214


state 66

<<<<<<< HEAD
    (7) person -> PERSON_TOKEN NEWLINE name NEWLINE year NEWLINE role NEWLINE END .

    NEWLINE         reduce using rule 7 (person -> PERSON_TOKEN NEWLINE name NEWLINE year NEWLINE role NEWLINE END .)
=======
    (6) class -> CLASS_TOKEN NEWLINE name NEWLINE number NEWLINE section NEWLINE INSTRUCTER_TOKEN NEWLINE . person NEWLINE END NEWLINE ROSTER_TOKEN NEWLINE roster NEWLINE END NEWLINE END
    (11) person -> . PERSON_TOKEN NEWLINE name NEWLINE role NEWLINE year NEWLINE END
    (12) person -> . PERSON_TOKEN NEWLINE name NEWLINE year NEWLINE role NEWLINE END
    (13) person -> . PERSON_TOKEN NEWLINE role NEWLINE name NEWLINE year NEWLINE END
    (14) person -> . PERSON_TOKEN NEWLINE role NEWLINE year NEWLINE name NEWLINE END
    (15) person -> . PERSON_TOKEN NEWLINE year NEWLINE role NEWLINE name NEWLINE END
    (16) person -> . PERSON_TOKEN NEWLINE year NEWLINE name NEWLINE role NEWLINE END
    (17) person -> . PERSON_TOKEN VARIABLE
    (18) person -> . PERSON_TOKEN VARIABLE COLON NEWLINE overrides NEWLINE END

    PERSON_TOKEN    shift and go to state 14
>>>>>>> 591650770d29d52d9b8d36adf74b68b15bad6214

    person                         shift and go to state 73

state 67

<<<<<<< HEAD
    (8) person -> PERSON_TOKEN NEWLINE role NEWLINE name NEWLINE year NEWLINE END .

    NEWLINE         reduce using rule 8 (person -> PERSON_TOKEN NEWLINE role NEWLINE name NEWLINE year NEWLINE END .)
=======
    (11) person -> PERSON_TOKEN NEWLINE name NEWLINE role NEWLINE year NEWLINE . END

    END             shift and go to state 74
>>>>>>> 591650770d29d52d9b8d36adf74b68b15bad6214


state 68

<<<<<<< HEAD
    (9) person -> PERSON_TOKEN NEWLINE role NEWLINE year NEWLINE name NEWLINE END .

    NEWLINE         reduce using rule 9 (person -> PERSON_TOKEN NEWLINE role NEWLINE year NEWLINE name NEWLINE END .)
=======
    (12) person -> PERSON_TOKEN NEWLINE name NEWLINE year NEWLINE role NEWLINE . END

    END             shift and go to state 75
>>>>>>> 591650770d29d52d9b8d36adf74b68b15bad6214


state 69

<<<<<<< HEAD
    (10) person -> PERSON_TOKEN NEWLINE year NEWLINE role NEWLINE name NEWLINE END .

    NEWLINE         reduce using rule 10 (person -> PERSON_TOKEN NEWLINE year NEWLINE role NEWLINE name NEWLINE END .)
=======
    (13) person -> PERSON_TOKEN NEWLINE role NEWLINE name NEWLINE year NEWLINE . END

    END             shift and go to state 76
>>>>>>> 591650770d29d52d9b8d36adf74b68b15bad6214


state 70

<<<<<<< HEAD
    (11) person -> PERSON_TOKEN NEWLINE year NEWLINE name NEWLINE role NEWLINE END .

    NEWLINE         reduce using rule 11 (person -> PERSON_TOKEN NEWLINE year NEWLINE name NEWLINE role NEWLINE END .)
=======
    (14) person -> PERSON_TOKEN NEWLINE role NEWLINE year NEWLINE name NEWLINE . END

    END             shift and go to state 77
>>>>>>> 591650770d29d52d9b8d36adf74b68b15bad6214


state 71

<<<<<<< HEAD
    (1) class -> CLASS_TOKEN NEWLINE name NEWLINE number NEWLINE section NEWLINE INSTRUCTER_TOKEN NEWLINE person NEWLINE END NEWLINE ROSTER_TOKEN NEWLINE roster NEWLINE END NEWLINE . END

    END             shift and go to state 72
=======
    (15) person -> PERSON_TOKEN NEWLINE year NEWLINE role NEWLINE name NEWLINE . END

    END             shift and go to state 78
>>>>>>> 591650770d29d52d9b8d36adf74b68b15bad6214


state 72

<<<<<<< HEAD
    (1) class -> CLASS_TOKEN NEWLINE name NEWLINE number NEWLINE section NEWLINE INSTRUCTER_TOKEN NEWLINE person NEWLINE END NEWLINE ROSTER_TOKEN NEWLINE roster NEWLINE END NEWLINE END .

    $end            reduce using rule 1 (class -> CLASS_TOKEN NEWLINE name NEWLINE number NEWLINE section NEWLINE INSTRUCTER_TOKEN NEWLINE person NEWLINE END NEWLINE ROSTER_TOKEN NEWLINE roster NEWLINE END NEWLINE END .)
=======
    (16) person -> PERSON_TOKEN NEWLINE year NEWLINE name NEWLINE role NEWLINE . END

    END             shift and go to state 79


state 73

    (6) class -> CLASS_TOKEN NEWLINE name NEWLINE number NEWLINE section NEWLINE INSTRUCTER_TOKEN NEWLINE person . NEWLINE END NEWLINE ROSTER_TOKEN NEWLINE roster NEWLINE END NEWLINE END

    NEWLINE         shift and go to state 80


state 74

    (11) person -> PERSON_TOKEN NEWLINE name NEWLINE role NEWLINE year NEWLINE END .

    NEWLINE         reduce using rule 11 (person -> PERSON_TOKEN NEWLINE name NEWLINE role NEWLINE year NEWLINE END .)
    $end            reduce using rule 11 (person -> PERSON_TOKEN NEWLINE name NEWLINE role NEWLINE year NEWLINE END .)


state 75

    (12) person -> PERSON_TOKEN NEWLINE name NEWLINE year NEWLINE role NEWLINE END .

    NEWLINE         reduce using rule 12 (person -> PERSON_TOKEN NEWLINE name NEWLINE year NEWLINE role NEWLINE END .)
    $end            reduce using rule 12 (person -> PERSON_TOKEN NEWLINE name NEWLINE year NEWLINE role NEWLINE END .)


state 76

    (13) person -> PERSON_TOKEN NEWLINE role NEWLINE name NEWLINE year NEWLINE END .

    NEWLINE         reduce using rule 13 (person -> PERSON_TOKEN NEWLINE role NEWLINE name NEWLINE year NEWLINE END .)
    $end            reduce using rule 13 (person -> PERSON_TOKEN NEWLINE role NEWLINE name NEWLINE year NEWLINE END .)


state 77

    (14) person -> PERSON_TOKEN NEWLINE role NEWLINE year NEWLINE name NEWLINE END .

    NEWLINE         reduce using rule 14 (person -> PERSON_TOKEN NEWLINE role NEWLINE year NEWLINE name NEWLINE END .)
    $end            reduce using rule 14 (person -> PERSON_TOKEN NEWLINE role NEWLINE year NEWLINE name NEWLINE END .)


state 78

    (15) person -> PERSON_TOKEN NEWLINE year NEWLINE role NEWLINE name NEWLINE END .

    NEWLINE         reduce using rule 15 (person -> PERSON_TOKEN NEWLINE year NEWLINE role NEWLINE name NEWLINE END .)
    $end            reduce using rule 15 (person -> PERSON_TOKEN NEWLINE year NEWLINE role NEWLINE name NEWLINE END .)


state 79

    (16) person -> PERSON_TOKEN NEWLINE year NEWLINE name NEWLINE role NEWLINE END .

    NEWLINE         reduce using rule 16 (person -> PERSON_TOKEN NEWLINE year NEWLINE name NEWLINE role NEWLINE END .)
    $end            reduce using rule 16 (person -> PERSON_TOKEN NEWLINE year NEWLINE name NEWLINE role NEWLINE END .)


state 80

    (6) class -> CLASS_TOKEN NEWLINE name NEWLINE number NEWLINE section NEWLINE INSTRUCTER_TOKEN NEWLINE person NEWLINE . END NEWLINE ROSTER_TOKEN NEWLINE roster NEWLINE END NEWLINE END

    END             shift and go to state 81


state 81

    (6) class -> CLASS_TOKEN NEWLINE name NEWLINE number NEWLINE section NEWLINE INSTRUCTER_TOKEN NEWLINE person NEWLINE END . NEWLINE ROSTER_TOKEN NEWLINE roster NEWLINE END NEWLINE END

    NEWLINE         shift and go to state 82


state 82

    (6) class -> CLASS_TOKEN NEWLINE name NEWLINE number NEWLINE section NEWLINE INSTRUCTER_TOKEN NEWLINE person NEWLINE END NEWLINE . ROSTER_TOKEN NEWLINE roster NEWLINE END NEWLINE END

    ROSTER_TOKEN    shift and go to state 83


state 83

    (6) class -> CLASS_TOKEN NEWLINE name NEWLINE number NEWLINE section NEWLINE INSTRUCTER_TOKEN NEWLINE person NEWLINE END NEWLINE ROSTER_TOKEN . NEWLINE roster NEWLINE END NEWLINE END

    NEWLINE         shift and go to state 84


state 84

    (6) class -> CLASS_TOKEN NEWLINE name NEWLINE number NEWLINE section NEWLINE INSTRUCTER_TOKEN NEWLINE person NEWLINE END NEWLINE ROSTER_TOKEN NEWLINE . roster NEWLINE END NEWLINE END
    (9) roster -> . person
    (10) roster -> . roster NEWLINE person
    (11) person -> . PERSON_TOKEN NEWLINE name NEWLINE role NEWLINE year NEWLINE END
    (12) person -> . PERSON_TOKEN NEWLINE name NEWLINE year NEWLINE role NEWLINE END
    (13) person -> . PERSON_TOKEN NEWLINE role NEWLINE name NEWLINE year NEWLINE END
    (14) person -> . PERSON_TOKEN NEWLINE role NEWLINE year NEWLINE name NEWLINE END
    (15) person -> . PERSON_TOKEN NEWLINE year NEWLINE role NEWLINE name NEWLINE END
    (16) person -> . PERSON_TOKEN NEWLINE year NEWLINE name NEWLINE role NEWLINE END
    (17) person -> . PERSON_TOKEN VARIABLE
    (18) person -> . PERSON_TOKEN VARIABLE COLON NEWLINE overrides NEWLINE END

    PERSON_TOKEN    shift and go to state 14

    person                         shift and go to state 85
    roster                         shift and go to state 86

state 85

    (9) roster -> person .

    NEWLINE         reduce using rule 9 (roster -> person .)


state 86

    (6) class -> CLASS_TOKEN NEWLINE name NEWLINE number NEWLINE section NEWLINE INSTRUCTER_TOKEN NEWLINE person NEWLINE END NEWLINE ROSTER_TOKEN NEWLINE roster . NEWLINE END NEWLINE END
    (10) roster -> roster . NEWLINE person

    NEWLINE         shift and go to state 87


state 87

    (6) class -> CLASS_TOKEN NEWLINE name NEWLINE number NEWLINE section NEWLINE INSTRUCTER_TOKEN NEWLINE person NEWLINE END NEWLINE ROSTER_TOKEN NEWLINE roster NEWLINE . END NEWLINE END
    (10) roster -> roster NEWLINE . person
    (11) person -> . PERSON_TOKEN NEWLINE name NEWLINE role NEWLINE year NEWLINE END
    (12) person -> . PERSON_TOKEN NEWLINE name NEWLINE year NEWLINE role NEWLINE END
    (13) person -> . PERSON_TOKEN NEWLINE role NEWLINE name NEWLINE year NEWLINE END
    (14) person -> . PERSON_TOKEN NEWLINE role NEWLINE year NEWLINE name NEWLINE END
    (15) person -> . PERSON_TOKEN NEWLINE year NEWLINE role NEWLINE name NEWLINE END
    (16) person -> . PERSON_TOKEN NEWLINE year NEWLINE name NEWLINE role NEWLINE END
    (17) person -> . PERSON_TOKEN VARIABLE
    (18) person -> . PERSON_TOKEN VARIABLE COLON NEWLINE overrides NEWLINE END

    END             shift and go to state 89
    PERSON_TOKEN    shift and go to state 14

    person                         shift and go to state 88

state 88

    (10) roster -> roster NEWLINE person .

    NEWLINE         reduce using rule 10 (roster -> roster NEWLINE person .)


state 89

    (6) class -> CLASS_TOKEN NEWLINE name NEWLINE number NEWLINE section NEWLINE INSTRUCTER_TOKEN NEWLINE person NEWLINE END NEWLINE ROSTER_TOKEN NEWLINE roster NEWLINE END . NEWLINE END

    NEWLINE         shift and go to state 90


state 90

    (6) class -> CLASS_TOKEN NEWLINE name NEWLINE number NEWLINE section NEWLINE INSTRUCTER_TOKEN NEWLINE person NEWLINE END NEWLINE ROSTER_TOKEN NEWLINE roster NEWLINE END NEWLINE . END

    END             shift and go to state 91


state 91

    (6) class -> CLASS_TOKEN NEWLINE name NEWLINE number NEWLINE section NEWLINE INSTRUCTER_TOKEN NEWLINE person NEWLINE END NEWLINE ROSTER_TOKEN NEWLINE roster NEWLINE END NEWLINE END .

    $end            reduce using rule 6 (class -> CLASS_TOKEN NEWLINE name NEWLINE number NEWLINE section NEWLINE INSTRUCTER_TOKEN NEWLINE person NEWLINE END NEWLINE ROSTER_TOKEN NEWLINE roster NEWLINE END NEWLINE END .)
>>>>>>> 591650770d29d52d9b8d36adf74b68b15bad6214

